<?xml version="1.0" encoding="UTF-8"?>
<!-- Generated by org.testng.reporters.JUnitReportReporter -->
<testsuite hostname="DESKTOP-259ATSP" failures="0" tests="1" name="Shopping.Product" time="0.021" errors="0" timestamp="2023-08-09T16:13:36 IST" skipped="0">
  <testcase classname="Shopping.Product" name="removeCart" time="0.021"/>
  <system-out/>
</testsuite> <!-- Shopping.Product -->
